ALLEGRO      available=False default_model=None                     energy=True  forces=True  stress=True  spin=None 
ALPHANET     available=False default_model=AlphaNet-MATPES-r2scan   energy=True  forces=True  stress=True  spin=None 
CHGNET       available=True  default_model=None                     energy=True  forces=True  stress=True  spin=True 
DEEPMD       available=False default_model=None                     energy=True  forces=True  stress=True  spin=None 
EQNORM       available=False default_model=eqnorm-mptrj             energy=True  forces=True  stress=True  spin=None 
EQUFLASH     available=False default_model=None                     energy=True  forces=True  stress=True  spin=None 
ESEN         available=False default_model=esen-sm-direct-all-oc25  energy=True  forces=True  stress=True  spin=None 
FAIRCHEM     available=False default_model=esen-sm-direct-all-oc25  energy=True  forces=True  stress=True  spin=None 
FAIRCHEM_V1  available=False default_model=None                     energy=True  forces=True  stress=True  spin=None 
FAIRCHEM_V2  available=False default_model=esen-sm-direct-all-oc25  energy=True  forces=True  stress=True  spin=None 
FLASHTP      available=False default_model=7net-0                   energy=True  forces=True  stress=True  spin=False
GRACE        available=False default_model=GRACE-2L-MP-r6           energy=True  forces=True  stress=True  spin=None 
HIENET       available=False default_model=HIENet-0                 energy=True  forces=True  stress=True  spin=None 
M3GNET       available=False default_model=None                     energy=True  forces=True  stress=True  spin=False
MACE         available=True  default_model=None                     energy=True  forces=True  stress=True  spin=True 
MATGL        available=False default_model=None                     energy=True  forces=True  stress=True  spin=False
MATLANTIS    available=False default_model=None                     energy=True  forces=True  stress=True  spin=None 
MATRIS       available=False default_model=matris_10m_oam           energy=True  forces=True  stress=True  spin=None 
MATTERSIM    available=False default_model=None                     energy=True  forces=True  stress=True  spin=None 
NEQUIP       available=False default_model=None                     energy=True  forces=True  stress=True  spin=None 
NEQUIX       available=False default_model=nequix-mp-1              energy=True  forces=True  stress=True  spin=None 
ORB          available=False default_model=orb-v3-conservative-20-omat energy=True  forces=True  stress=True  spin=None 
SEVENNET     available=False default_model=7net-0                   energy=True  forces=True  stress=True  spin=False
TACE         available=False default_model=None                     energy=True  forces=True  stress=True  spin=True 
UPET         available=False default_model=None                     energy=True  forces=True  stress=True  spin=None 
