
  GRID BASED BADER ANALYSIS  (Version 1.05 08/19/23)

  OPEN ... CHGCAR
  VASP5-STYLE INPUT FILE
  DENSITY-GRID:   24 x  24 x  24
  CLOSE ... CHGCAR
  RUN TIME:    <elapsed> SECONDS

  CALCULATING BADER CHARGE DISTRIBUTION
                 0  10  25  50  75  100
  PERCENT DONE:  **********************

  REFINING AUTOMATICALLY
  ITERATION: 1
  EDGE POINTS:          9061
  REASSIGNED POINTS:     612

  RUN TIME:    <elapsed> SECONDS

  CALCULATING MINIMUM DISTANCES TO ATOMS
                 0  10  25  50  75  100
  PERCENT DONE:  **********************
  RUN TIME:    <elapsed> SECONDS

  WRITING BADER ATOMIC CHARGES TO ACF.dat
  WRITING BADER VOLUME CHARGES TO BCF.dat

  NUMBER OF BADER MAXIMA FOUND:              6
      SIGNIFICANT MAXIMA FOUND:              6
                 VACUUM CHARGE:         0.0000
           NUMBER OF ELECTRONS:        7.63728
